TN:
SF:script/Deploy.sol
DA:12,0
FN:12,DeployScript.run
FNDA:0,DeployScript.run
DA:13,0
DA:15,0
DA:16,0
DA:18,0
DA:19,0
DA:21,0
DA:23,0
DA:25,0
DA:27,0
DA:28,0
DA:35,0
BRDA:35,0,0,-
BRDA:35,0,1,-
DA:41,0
DA:43,0
DA:45,0
FNF:1
FNH:0
LF:15
LH:0
BRF:2
BRH:0
end_of_record
TN:
SF:src/SubNFT.sol
DA:17,27
FN:17,SubNFT.constructor
FNDA:27,SubNFT.constructor
DA:23,27
DA:24,27
DA:30,10
FN:30,SubNFT.renewSubscription
FNDA:10,SubNFT.renewSubscription
DA:31,10
DA:32,10
DA:34,7
DA:35,7
BRDA:35,0,0,2
BRDA:35,0,1,5
DA:36,2
BRDA:36,1,0,1
BRDA:36,1,1,1
DA:37,1
DA:39,5
DA:42,6
DA:51,9
FN:51,SubNFT.signalAutoSubscription
FNDA:9,SubNFT.signalAutoSubscription
DA:57,9
DA:58,9
DA:60,9
DA:68,5
DA:70,5
DA:76,8
FN:76,SubNFT.chargeAutoSubscription
FNDA:8,SubNFT.chargeAutoSubscription
DA:77,8
DA:78,8
BRDA:78,2,0,1
BRDA:78,2,1,7
DA:79,7
DA:80,7
BRDA:80,3,0,1
BRDA:80,3,1,6
DA:82,6
DA:83,6
BRDA:83,4,0,-
BRDA:83,4,1,6
DA:86,6
BRDA:86,5,0,6
DA:89,5
DA:90,5
DA:91,1
BRDA:91,5,1,1
DA:92,1
DA:99,2
FN:99,SubNFT.cancelAutoSubscription
FNDA:2,SubNFT.cancelAutoSubscription
DA:100,2
BRDA:100,6,0,-
BRDA:100,6,1,2
DA:101,2
DA:102,2
DA:103,2
DA:105,2
DA:107,2
DA:120,9
FN:120,SubNFT._ensureValidPermit
FNDA:9,SubNFT._ensureValidPermit
DA:127,9
DA:128,9
BRDA:128,7,0,1
BRDA:128,7,1,8
DA:129,8
BRDA:129,8,0,1
BRDA:129,8,1,7
DA:130,7
BRDA:130,9,0,1
BRDA:130,9,1,6
DA:131,6
BRDA:131,10,0,1
BRDA:131,10,1,5
DA:140,19
FN:140,SubNFT._ensureValidInputs
FNDA:19,SubNFT._ensureValidInputs
DA:144,19
BRDA:144,11,0,1
BRDA:144,11,1,18
DA:145,18
BRDA:145,12,0,1
BRDA:145,12,1,17
DA:146,17
BRDA:146,13,0,1
BRDA:146,13,1,16
DA:155,12
FN:155,SubNFT._extendSubscription
FNDA:12,SubNFT._extendSubscription
DA:159,12
DA:160,12
DA:161,12
BRDA:161,14,0,10
BRDA:161,14,1,1
DA:162,10
DA:165,2
BRDA:165,15,0,1
BRDA:165,15,1,1
DA:166,1
DA:169,11
DA:171,11
DA:177,2
FN:177,SubNFT._setSubscriptionConfig
FNDA:2,SubNFT._setSubscriptionConfig
DA:178,2
DA:185,17
FN:185,SubNFT._calcRenewalPrice
FNDA:17,SubNFT._calcRenewalPrice
DA:186,17
DA:194,0
FN:194,SubNFT._isRenewable
FNDA:0,SubNFT._isRenewable
DA:195,0
DA:204,1
FN:204,SubNFT.isRenewable
FNDA:1,SubNFT.isRenewable
DA:205,1
DA:206,0
DA:212,10
FN:212,SubNFT.expiresAt
FNDA:10,SubNFT.expiresAt
DA:213,10
DA:214,9
DA:220,2
FN:220,SubNFT.getRenewalPrice
FNDA:2,SubNFT.getRenewalPrice
DA:221,2
DA:222,1
DA:228,7
FN:228,SubNFT.getSubscriptionDetails
FNDA:7,SubNFT.getSubscriptionDetails
DA:229,7
DA:230,5
DA:236,4
FN:236,SubNFT.getSubscriptionConfig
FNDA:4,SubNFT.getSubscriptionConfig
DA:237,4
DA:243,1
FN:243,SubNFT.supportsInterface
FNDA:1,SubNFT.supportsInterface
DA:244,1
FNF:17
FNH:16
LF:78
LH:75
BRF:32
BRH:30
end_of_record
TN:
SF:src/mocks/MockSubNFT.sol
DA:17,27
FN:17,MockSubNFT.mint
FNDA:27,MockSubNFT.mint
DA:18,27
DA:21,1
FN:21,MockSubNFT.mintWithSubscription
FNDA:1,MockSubNFT.mintWithSubscription
DA:22,1
DA:23,1
DA:26,2
FN:26,MockSubNFT._isRenewable
FNDA:2,MockSubNFT._isRenewable
DA:27,2
DA:30,1
FN:30,MockSubNFT.setRenewable
FNDA:1,MockSubNFT.setRenewable
DA:31,1
DA:34,2
FN:34,MockSubNFT.setSubscriptionConfig
FNDA:2,MockSubNFT.setSubscriptionConfig
DA:35,2
DA:42,0
FN:42,MockSubNFT.extendSubscription
FNDA:0,MockSubNFT.extendSubscription
DA:43,0
FNF:6
FNH:5
LF:13
LH:11
BRF:0
BRH:0
end_of_record
TN:
SF:test/TestERC20.sol
DA:9,54
FN:9,TestERC20.mint
FNDA:54,TestERC20.mint
DA:10,54
FNF:1
FNH:1
LF:2
LH:2
BRF:0
BRH:0
end_of_record
TN:
SF:test/shared/BaseTest.sol
DA:25,27
FN:25,BaseTest.setUp
FNDA:27,BaseTest.setUp
DA:26,27
DA:27,27
DA:29,27
DA:30,27
DA:31,27
DA:33,27
DA:39,27
DA:41,27
DA:43,27
DA:46,0
FN:46,BaseTest.setUpUsers
FNDA:0,BaseTest.setUpUsers
DA:48,27
DA:49,54
DA:50,54
DA:51,54
DA:53,54
DA:55,54
DA:56,54
DA:58,27
FNF:2
FNH:1
LF:19
LH:18
BRF:0
BRH:0
end_of_record
TN:
SF:test/utils/DeployPermit2.sol
DA:12,27
FN:12,DeployPermit2.deployPermit2
FNDA:27,DeployPermit2.deployPermit2
DA:13,27
DA:16,0
FN:16,DeployPermit2.run
FNDA:0,DeployPermit2.run
DA:17,27
DA:20,27
DA:21,27
FNF:2
FNH:1
LF:6
LH:5
BRF:0
BRH:0
end_of_record
TN:
SF:test/utils/Permit2Utils.sol
DA:14,0
FN:14,Permit2Utils.getPermitSignatureRaw
FNDA:0,Permit2Utils.getPermitSignatureRaw
DA:19,9
DA:21,9
DA:29,9
DA:32,0
FN:32,Permit2Utils.getPermitSignature
FNDA:0,Permit2Utils.getPermitSignature
DA:37,9
DA:38,9
DA:41,0
FN:41,Permit2Utils.defaultERC20PermitAllowance
FNDA:0,Permit2Utils.defaultERC20PermitAllowance
DA:48,9
DA:50,9
FNF:3
FNH:0
LF:10
LH:7
BRF:0
BRH:0
end_of_record
